Arguments: 
  C:\Program Files\nodejs\node.exe C:\Program Files (x86)\Yarn\bin\yarn.js add nondemon

PATH: 
  D:\java\bin;C:\Windows\system32;C:\Windows;C:\Windows\System32\Wbem;C:\Windows\System32\WindowsPowerShell\v1.0\;C:\Windows\System32\OpenSSH\;C:\Program Files (x86)\Yarn\bin\;C:\Program Files\Git\cmd;C:\Program Files\nodejs\;D:\go\bin;D:\mongodb\bin;C:\Python27;C:\Users\Administrator\AppData\Local\Microsoft\WindowsApps;C:\Python27;D:\vscode\Microsoft VS Code\bin;C:\Users\Administrator\AppData\Local\Yarn\bin;D:\flutter\flutter\bin;D:\webstorm\WebStorm 2020.1.3\bin;;D:\flutter\bin;C:\Users\Administrator\AppData\Roaming\npm;C:\Users\Administrator\go\bin

Yarn version: 
  1.22.4

Node version: 
  14.15.2

Platform: 
  win32 x64

Trace: 
  Error: https://registry.yarnpkg.com/nondemon: Not found
      at Request.params.callback [as _callback] (C:\Program Files (x86)\Yarn\lib\cli.js:66096:18)
      at Request.self.callback (C:\Program Files (x86)\Yarn\lib\cli.js:140748:22)
      at Request.emit (events.js:315:20)
      at Request.<anonymous> (C:\Program Files (x86)\Yarn\lib\cli.js:141720:10)
      at Request.emit (events.js:315:20)
      at IncomingMessage.<anonymous> (C:\Program Files (x86)\Yarn\lib\cli.js:141642:12)
      at Object.onceWrapper (events.js:421:28)
      at IncomingMessage.emit (events.js:327:22)
      at endReadableNT (internal/streams/readable.js:1327:12)
      at processTicksAndRejections (internal/process/task_queues.js:80:21)

npm manifest: 
  {
    "name": "blog1",
    "version": "1.0.0",
    "main": "index.js",
    "license": "MIT"
  }

yarn manifest: 
  No manifest

Lockfile: 
  No lockfile
